<?xml version="1.0" encoding="UTF-8"?>
<!-- Generated by org.testng.reporters.JUnitXMLReporter -->
<testsuite ignored="0" hostname="OLD-TRAFFORD" failures="0" tests="3" name="Default test" time="69.502" errors="0" timestamp="2024-02-02T15:29:28 IST">
  <testcase classname="com.tect.vaccinefinder.Test.VaccineFinderTest" name="SearchOperation" time="10.18"/>
  <testcase classname="com.tect.vaccinefinder.Test.VaccineFinderTest" name="Validatebuttons" time="20.372"/>
  <testcase classname="com.tect.vaccinefinder.Test.VaccineFinderTest" name="ValidateLinks" time="35.99"/>
</testsuite> <!-- Default test -->
